# JRE version: Java(TM) SE Runtime Environment (8.0_101-b13) (build 1.8.0_101-b13)
# Java VM: Java HotSpot(TM) 64-Bit Server VM (25.101-b13 mixed mode linux-amd64 compressed oops)
Heap:
 def new generation   total 185664K, used 0K [0x00000000a0000000, 0x00000000ac970000, 0x00000000c0000000)
  eden space 165056K,   0% used [0x00000000a0000000, 0x00000000a0000000, 0x00000000aa130000)
  from space 20608K,   0% used [0x00000000aa130000, 0x00000000aa130000, 0x00000000ab550000)
  to   space 20608K,   0% used [0x00000000ab550000, 0x00000000ab550000, 0x00000000ac970000)
 tenured generation   total 414440K, used 336470K [0x00000000c0000000, 0x00000000d94ba000, 0x0000000100000000)
   the space 414440K,  81% used [0x00000000c0000000, 0x00000000d48959d8, 0x00000000d4895a00, 0x00000000d94ba000)
 Metaspace       used 55165K, capacity 57680K, committed 57944K, reserved 1099776K
  class space    used 6353K, capacity 6973K, committed 7040K, reserved 1048576K
GC Heap History (10 events):
Event: 227.970 GC heap after
Heap after GC invocations=47 (full 4):
 def new generation   total 185664K, used 12164K [0x00000000a0000000, 0x00000000ac970000, 0x00000000c0000000)
  eden space 165056K,   0% used [0x00000000a0000000, 0x00000000a0000000, 0x00000000aa130000)
  from space 20608K,  59% used [0x00000000ab550000, 0x00000000ac1312b0, 0x00000000ac970000)
  to   space 20608K,   0% used [0x00000000aa130000, 0x00000000aa130000, 0x00000000ab550000)
 tenured generation   total 412520K, used 357449K [0x00000000c0000000, 0x00000000d92da000, 0x0000000100000000)
   the space 412520K,  86% used [0x00000000c0000000, 0x00000000d5d12658, 0x00000000d5d12800, 0x00000000d92da000)
 Metaspace       used 53155K, capacity 55560K, committed 55640K, reserved 1097728K
  class space    used 6140K, capacity 6757K, committed 6784K, reserved 1048576K
}
Event: 228.838 GC heap before
{Heap before GC invocations=47 (full 4):
 def new generation   total 185664K, used 177220K [0x00000000a0000000, 0x00000000ac970000, 0x00000000c0000000)
  eden space 165056K, 100% used [0x00000000a0000000, 0x00000000aa130000, 0x00000000aa130000)
  from space 20608K,  59% used [0x00000000ab550000, 0x00000000ac1312b0, 0x00000000ac970000)
  to   space 20608K,   0% used [0x00000000aa130000, 0x00000000aa130000, 0x00000000ab550000)
 tenured generation   total 412520K, used 357449K [0x00000000c0000000, 0x00000000d92da000, 0x0000000100000000)
   the space 412520K,  86% used [0x00000000c0000000, 0x00000000d5d12658, 0x00000000d5d12800, 0x00000000d92da000)
 Metaspace       used 53744K, capacity 56160K, committed 56280K, reserved 1099776K
  class space    used 6202K, capacity 6829K, committed 6912K, reserved 1048576K
Event: 228.882 GC heap after
Heap after GC invocations=48 (full 4):
 def new generation   total 185664K, used 13835K [0x00000000a0000000, 0x00000000ac970000, 0x00000000c0000000)
  eden space 165056K,   0% used [0x00000000a0000000, 0x00000000a0000000, 0x00000000aa130000)
  from space 20608K,  67% used [0x00000000aa130000, 0x00000000aaeb2e28, 0x00000000ab550000)
  to   space 20608K,   0% used [0x00000000ab550000, 0x00000000ab550000, 0x00000000ac970000)
 tenured generation   total 412520K, used 368481K [0x00000000c0000000, 0x00000000d92da000, 0x0000000100000000)
   the space 412520K,  89% used [0x00000000c0000000, 0x00000000d67d8590, 0x00000000d67d8600, 0x00000000d92da000)
 Metaspace       used 53744K, capacity 56160K, committed 56280K, reserved 1099776K
  class space    used 6202K, capacity 6829K, committed 6912K, reserved 1048576K
}
Event: 229.663 GC heap before
{Heap before GC invocations=48 (full 4):
 def new generation   total 185664K, used 178891K [0x00000000a0000000, 0x00000000ac970000, 0x00000000c0000000)
  eden space 165056K, 100% used [0x00000000a0000000, 0x00000000aa130000, 0x00000000aa130000)
  from space 20608K,  67% used [0x00000000aa130000, 0x00000000aaeb2e28, 0x00000000ab550000)
  to   space 20608K,   0% used [0x00000000ab550000, 0x00000000ab550000, 0x00000000ac970000)
 tenured generation   total 412520K, used 368481K [0x00000000c0000000, 0x00000000d92da000, 0x0000000100000000)
   the space 412520K,  89% used [0x00000000c0000000, 0x00000000d67d8590, 0x00000000d67d8600, 0x00000000d92da000)
 Metaspace       used 53772K, capacity 56160K, committed 56280K, reserved 1099776K
  class space    used 6204K, capacity 6829K, committed 6912K, reserved 1048576K
Event: 229.755 GC heap after
Heap after GC invocations=49 (full 4):
 def new generation   total 185664K, used 14809K [0x00000000a0000000, 0x00000000ac970000, 0x00000000c0000000)
  eden space 165056K,   0% used [0x00000000a0000000, 0x00000000a0000000, 0x00000000aa130000)
  from space 20608K,  71% used [0x00000000ab550000, 0x00000000ac3c66e8, 0x00000000ac970000)
  to   space 20608K,   0% used [0x00000000aa130000, 0x00000000aa130000, 0x00000000ab550000)
 tenured generation   total 412520K, used 378104K [0x00000000c0000000, 0x00000000d92da000, 0x0000000100000000)
   the space 412520K,  91% used [0x00000000c0000000, 0x00000000d713e068, 0x00000000d713e200, 0x00000000d92da000)
 Metaspace       used 53772K, capacity 56160K, committed 56280K, reserved 1099776K
  class space    used 6204K, capacity 6829K, committed 6912K, reserved 1048576K
}
Event: 231.614 GC heap before
{Heap before GC invocations=49 (full 4):
 def new generation   total 185664K, used 179865K [0x00000000a0000000, 0x00000000ac970000, 0x00000000c0000000)
  eden space 165056K, 100% used [0x00000000a0000000, 0x00000000aa130000, 0x00000000aa130000)
  from space 20608K,  71% used [0x00000000ab550000, 0x00000000ac3c66e8, 0x00000000ac970000)
  to   space 20608K,   0% used [0x00000000aa130000, 0x00000000aa130000, 0x00000000ab550000)
 tenured generation   total 412520K, used 378104K [0x00000000c0000000, 0x00000000d92da000, 0x0000000100000000)
   the space 412520K,  91% used [0x00000000c0000000, 0x00000000d713e068, 0x00000000d713e200, 0x00000000d92da000)
 Metaspace       used 53867K, capacity 56288K, committed 56536K, reserved 1099776K
  class space    used 6212K, capacity 6829K, committed 6912K, reserved 1048576K
Event: 231.680 GC heap after
Heap after GC invocations=50 (full 4):
 def new generation   total 185664K, used 10115K [0x00000000a0000000, 0x00000000ac970000, 0x00000000c0000000)
  eden space 165056K,   0% used [0x00000000a0000000, 0x00000000a0000000, 0x00000000aa130000)
  from space 20608K,  49% used [0x00000000aa130000, 0x00000000aab10df8, 0x00000000ab550000)
  to   space 20608K,   0% used [0x00000000ab550000, 0x00000000ab550000, 0x00000000ac970000)
 tenured generation   total 412520K, used 392643K [0x00000000c0000000, 0x00000000d92da000, 0x0000000100000000)
   the space 412520K,  95% used [0x00000000c0000000, 0x00000000d7f70ce0, 0x00000000d7f70e00, 0x00000000d92da000)
 Metaspace       used 53867K, capacity 56288K, committed 56536K, reserved 1099776K
  class space    used 6212K, capacity 6829K, committed 6912K, reserved 1048576K
}
Event: 234.016 GC heap before
{Heap before GC invocations=50 (full 4):
 def new generation   total 185664K, used 175171K [0x00000000a0000000, 0x00000000ac970000, 0x00000000c0000000)
  eden space 165056K, 100% used [0x00000000a0000000, 0x00000000aa130000, 0x00000000aa130000)
  from space 20608K,  49% used [0x00000000aa130000, 0x00000000aab10df8, 0x00000000ab550000)
  to   space 20608K,   0% used [0x00000000ab550000, 0x00000000ab550000, 0x00000000ac970000)
 tenured generation   total 412520K, used 392643K [0x00000000c0000000, 0x00000000d92da000, 0x0000000100000000)
   the space 412520K,  95% used [0x00000000c0000000, 0x00000000d7f70ce0, 0x00000000d7f70e00, 0x00000000d92da000)
 Metaspace       used 54453K, capacity 56888K, committed 57048K, reserved 1099776K
  class space    used 6275K, capacity 6901K, committed 6912K, reserved 1048576K
Event: 234.072 GC heap after
Heap after GC invocations=51 (full 4):
 def new generation   total 185664K, used 20607K [0x00000000a0000000, 0x00000000ac970000, 0x00000000c0000000)
  eden space 165056K,   0% used [0x00000000a0000000, 0x00000000a0000000, 0x00000000aa130000)
  from space 20608K,  99% used [0x00000000ab550000, 0x00000000ac96fff8, 0x00000000ac970000)
  to   space 20608K,   0% used [0x00000000aa130000, 0x00000000aa130000, 0x00000000ab550000)
 tenured generation   total 412520K, used 396511K [0x00000000c0000000, 0x00000000d92da000, 0x0000000100000000)
   the space 412520K,  96% used [0x00000000c0000000, 0x00000000d8337e80, 0x00000000d8338000, 0x00000000d92da000)
 Metaspace       used 54453K, capacity 56888K, committed 57048K, reserved 1099776K
  class space    used 6275K, capacity 6901K, committed 6912K, reserved 1048576K
}
Event: 235.566 GC heap before
{Heap before GC invocations=51 (full 4):
 def new generation   total 185664K, used 185663K [0x00000000a0000000, 0x00000000ac970000, 0x00000000c0000000)
  eden space 165056K, 100% used [0x00000000a0000000, 0x00000000aa130000, 0x00000000aa130000)
  from space 20608K,  99% used [0x00000000ab550000, 0x00000000ac96fff8, 0x00000000ac970000)
  to   space 20608K,   0% used [0x00000000aa130000, 0x00000000aa130000, 0x00000000ab550000)
 tenured generation   total 412520K, used 396511K [0x00000000c0000000, 0x00000000d92da000, 0x0000000100000000)
   the space 412520K,  96% used [0x00000000c0000000, 0x00000000d8337e80, 0x00000000d8338000, 0x00000000d92da000)
 Metaspace       used 55165K, capacity 57680K, committed 57944K, reserved 1099776K
  class space    used 6353K, capacity 6973K, committed 7040K, reserved 1048576K

