# JRE version: Java(TM) SE Runtime Environment (8.0_101-b13) (build 1.8.0_101-b13)
# Java VM: Java HotSpot(TM) 64-Bit Server VM (25.101-b13 mixed mode linux-amd64 compressed oops)
Heap:
 def new generation   total 265472K, used 130603K [0x00000000a0000000, 0x00000000b2000000, 0x00000000c0000000)
  eden space 236032K,  48% used [0x00000000a0000000, 0x00000000a70e0538, 0x00000000ae680000)
  from space 29440K,  51% used [0x00000000b0340000, 0x00000000b11ea730, 0x00000000b2000000)
  to   space 29440K,   0% used [0x00000000ae680000, 0x00000000ae680000, 0x00000000b0340000)
 tenured generation   total 589688K, used 317086K [0x00000000c0000000, 0x00000000e3fde000, 0x0000000100000000)
   the space 589688K,  53% used [0x00000000c0000000, 0x00000000d35a7a90, 0x00000000d35a7c00, 0x00000000e3fde000)
 Metaspace       used 56106K, capacity 58584K, committed 58880K, reserved 1101824K
  class space    used 6421K, capacity 7097K, committed 7168K, reserved 1048576K
GC Heap History (10 events):
Event: 132.126 GC heap before
{Heap before GC invocations=31 (full 5):
 def new generation   total 265472K, used 248585K [0x00000000a0000000, 0x00000000b2000000, 0x00000000c0000000)
  eden space 236032K, 100% used [0x00000000a0000000, 0x00000000ae680000, 0x00000000ae680000)
  from space 29440K,  42% used [0x00000000ae680000, 0x00000000af2c25e8, 0x00000000b0340000)
  to   space 29440K,   0% used [0x00000000b0340000, 0x00000000b0340000, 0x00000000b2000000)
 tenured generation   total 589688K, used 301213K [0x00000000c0000000, 0x00000000e3fde000, 0x0000000100000000)
   the space 589688K,  51% used [0x00000000c0000000, 0x00000000d26277d0, 0x00000000d2627800, 0x00000000e3fde000)
 Metaspace       used 47507K, capacity 49556K, committed 49920K, reserved 1093632K
  class space    used 5488K, capacity 6079K, committed 6144K, reserved 1048576K
Event: 132.146 GC heap after
Heap after GC invocations=32 (full 5):
 def new generation   total 265472K, used 8547K [0x00000000a0000000, 0x00000000b2000000, 0x00000000c0000000)
  eden space 236032K,   0% used [0x00000000a0000000, 0x00000000a0000000, 0x00000000ae680000)
  from space 29440K,  29% used [0x00000000b0340000, 0x00000000b0b98e70, 0x00000000b2000000)
  to   space 29440K,   0% used [0x00000000ae680000, 0x00000000ae680000, 0x00000000b0340000)
 tenured generation   total 589688K, used 301213K [0x00000000c0000000, 0x00000000e3fde000, 0x0000000100000000)
   the space 589688K,  51% used [0x00000000c0000000, 0x00000000d26277d0, 0x00000000d2627800, 0x00000000e3fde000)
 Metaspace       used 47507K, capacity 49556K, committed 49920K, reserved 1093632K
  class space    used 5488K, capacity 6079K, committed 6144K, reserved 1048576K
}
Event: 136.397 GC heap before
{Heap before GC invocations=32 (full 5):
 def new generation   total 265472K, used 244579K [0x00000000a0000000, 0x00000000b2000000, 0x00000000c0000000)
  eden space 236032K, 100% used [0x00000000a0000000, 0x00000000ae680000, 0x00000000ae680000)
  from space 29440K,  29% used [0x00000000b0340000, 0x00000000b0b98e70, 0x00000000b2000000)
  to   space 29440K,   0% used [0x00000000ae680000, 0x00000000ae680000, 0x00000000b0340000)
 tenured generation   total 589688K, used 301213K [0x00000000c0000000, 0x00000000e3fde000, 0x0000000100000000)
   the space 589688K,  51% used [0x00000000c0000000, 0x00000000d26277d0, 0x00000000d2627800, 0x00000000e3fde000)
 Metaspace       used 47830K, capacity 49828K, committed 49920K, reserved 1093632K
  class space    used 5521K, capacity 6119K, committed 6144K, reserved 1048576K
Event: 136.420 GC heap after
Heap after GC invocations=33 (full 5):
 def new generation   total 265472K, used 13157K [0x00000000a0000000, 0x00000000b2000000, 0x00000000c0000000)
  eden space 236032K,   0% used [0x00000000a0000000, 0x00000000a0000000, 0x00000000ae680000)
  from space 29440K,  44% used [0x00000000ae680000, 0x00000000af3597d0, 0x00000000b0340000)
  to   space 29440K,   0% used [0x00000000b0340000, 0x00000000b0340000, 0x00000000b2000000)
 tenured generation   total 589688K, used 301213K [0x00000000c0000000, 0x00000000e3fde000, 0x0000000100000000)
   the space 589688K,  51% used [0x00000000c0000000, 0x00000000d26277d0, 0x00000000d2627800, 0x00000000e3fde000)
 Metaspace       used 47830K, capacity 49828K, committed 49920K, reserved 1093632K
  class space    used 5521K, capacity 6119K, committed 6144K, reserved 1048576K
}
Event: 147.897 GC heap before
{Heap before GC invocations=33 (full 5):
 def new generation   total 265472K, used 249189K [0x00000000a0000000, 0x00000000b2000000, 0x00000000c0000000)
  eden space 236032K, 100% used [0x00000000a0000000, 0x00000000ae680000, 0x00000000ae680000)
  from space 29440K,  44% used [0x00000000ae680000, 0x00000000af3597d0, 0x00000000b0340000)
  to   space 29440K,   0% used [0x00000000b0340000, 0x00000000b0340000, 0x00000000b2000000)
 tenured generation   total 589688K, used 301213K [0x00000000c0000000, 0x00000000e3fde000, 0x0000000100000000)
   the space 589688K,  51% used [0x00000000c0000000, 0x00000000d26277d0, 0x00000000d2627800, 0x00000000e3fde000)
 Metaspace       used 48150K, capacity 50148K, committed 50432K, reserved 1093632K
  class space    used 5532K, capacity 6119K, committed 6144K, reserved 1048576K
Event: 147.937 GC heap after
Heap after GC invocations=34 (full 5):
 def new generation   total 265472K, used 22001K [0x00000000a0000000, 0x00000000b2000000, 0x00000000c0000000)
  eden space 236032K,   0% used [0x00000000a0000000, 0x00000000a0000000, 0x00000000ae680000)
  from space 29440K,  74% used [0x00000000b0340000, 0x00000000b18bc708, 0x00000000b2000000)
  to   space 29440K,   0% used [0x00000000ae680000, 0x00000000ae680000, 0x00000000b0340000)
 tenured generation   total 589688K, used 301213K [0x00000000c0000000, 0x00000000e3fde000, 0x0000000100000000)
   the space 589688K,  51% used [0x00000000c0000000, 0x00000000d26277d0, 0x00000000d2627800, 0x00000000e3fde000)
 Metaspace       used 48150K, capacity 50148K, committed 50432K, reserved 1093632K
  class space    used 5532K, capacity 6119K, committed 6144K, reserved 1048576K
}
Event: 156.164 GC heap before
{Heap before GC invocations=34 (full 5):
 def new generation   total 265472K, used 258033K [0x00000000a0000000, 0x00000000b2000000, 0x00000000c0000000)
  eden space 236032K, 100% used [0x00000000a0000000, 0x00000000ae680000, 0x00000000ae680000)
  from space 29440K,  74% used [0x00000000b0340000, 0x00000000b18bc708, 0x00000000b2000000)
  to   space 29440K,   0% used [0x00000000ae680000, 0x00000000ae680000, 0x00000000b0340000)
 tenured generation   total 589688K, used 301213K [0x00000000c0000000, 0x00000000e3fde000, 0x0000000100000000)
   the space 589688K,  51% used [0x00000000c0000000, 0x00000000d26277d0, 0x00000000d2627800, 0x00000000e3fde000)
 Metaspace       used 48197K, capacity 50276K, committed 50432K, reserved 1093632K
  class space    used 5537K, capacity 6119K, committed 6144K, reserved 1048576K
Event: 156.226 GC heap after
Heap after GC invocations=35 (full 5):
 def new generation   total 265472K, used 16232K [0x00000000a0000000, 0x00000000b2000000, 0x00000000c0000000)
  eden space 236032K,   0% used [0x00000000a0000000, 0x00000000a0000000, 0x00000000ae680000)
  from space 29440K,  55% used [0x00000000ae680000, 0x00000000af65a190, 0x00000000b0340000)
  to   space 29440K,   0% used [0x00000000b0340000, 0x00000000b0340000, 0x00000000b2000000)
 tenured generation   total 589688K, used 311724K [0x00000000c0000000, 0x00000000e3fde000, 0x0000000100000000)
   the space 589688K,  52% used [0x00000000c0000000, 0x00000000d306b238, 0x00000000d306b400, 0x00000000e3fde000)
 Metaspace       used 48197K, capacity 50276K, committed 50432K, reserved 1093632K
  class space    used 5537K, capacity 6119K, committed 6144K, reserved 1048576K
}
Event: 180.820 GC heap before
{Heap before GC invocations=35 (full 5):
 def new generation   total 265472K, used 252264K [0x00000000a0000000, 0x00000000b2000000, 0x00000000c0000000)
  eden space 236032K, 100% used [0x00000000a0000000, 0x00000000ae680000, 0x00000000ae680000)
  from space 29440K,  55% used [0x00000000ae680000, 0x00000000af65a190, 0x00000000b0340000)
  to   space 29440K,   0% used [0x00000000b0340000, 0x00000000b0340000, 0x00000000b2000000)
 tenured generation   total 589688K, used 311724K [0x00000000c0000000, 0x00000000e3fde000, 0x0000000100000000)
   the space 589688K,  52% used [0x00000000c0000000, 0x00000000d306b238, 0x00000000d306b400, 0x00000000e3fde000)
 Metaspace       used 52314K, capacity 54680K, committed 54912K, reserved 1097728K
  class space    used 6021K, capacity 6665K, committed 6784K, reserved 1048576K
Event: 180.849 GC heap after
Heap after GC invocations=36 (full 5):
 def new generation   total 265472K, used 15017K [0x00000000a0000000, 0x00000000b2000000, 0x00000000c0000000)
  eden space 236032K,   0% used [0x00000000a0000000, 0x00000000a0000000, 0x00000000ae680000)
  from space 29440K,  51% used [0x00000000b0340000, 0x00000000b11ea730, 0x00000000b2000000)
  to   space 29440K,   0% used [0x00000000ae680000, 0x00000000ae680000, 0x00000000b0340000)
 tenured generation   total 589688K, used 317086K [0x00000000c0000000, 0x00000000e3fde000, 0x0000000100000000)
   the space 589688K,  53% used [0x00000000c0000000, 0x00000000d35a7a90, 0x00000000d35a7c00, 0x00000000e3fde000)
 Metaspace       used 52314K, capacity 54680K, committed 54912K, reserved 1097728K
  class space    used 6021K, capacity 6665K, committed 6784K, reserved 1048576K
}

